<?xml version="1.0" encoding="UTF-8" ?>
<testsuite errors="0" failures="0" hostname="gouthami-PC" name="com.grailsinaction.UserIntegrationTests" tests="5" time="0.095" timestamp="2013-06-05T01:02:14">
  <properties />
  <testcase classname="com.grailsinaction.UserIntegrationTests" name="testSaveUser" time="0.016" />
  <testcase classname="com.grailsinaction.UserIntegrationTests" name="testSaveAndUpdate" time="0.018" />
  <testcase classname="com.grailsinaction.UserIntegrationTests" name="testSaveAndDelete" time="0.025" />
  <testcase classname="com.grailsinaction.UserIntegrationTests" name="testValidation" time="0.012" />
  <testcase classname="com.grailsinaction.UserIntegrationTests" name="testUseridPasswordNotSame" time="0.009" />
  <system-out><![CDATA[--Output from testSaveUser--
--Output from testSaveAndUpdate--
--Output from testSaveAndDelete--
--Output from testValidation--
--Output from testUseridPasswordNotSame--
]]></system-out>
  <system-err><![CDATA[--Output from testSaveUser--
--Output from testSaveAndUpdate--
--Output from testSaveAndDelete--
--Output from testValidation--
--Output from testUseridPasswordNotSame--
]]></system-err>
</testsuite>
