<?xml version="1.0" encoding="UTF-8" ?>
<testsuite errors="0" failures="1" hostname="gouthami-PC" name="com.grailsinaction.UserTests" tests="1" time="0.127" timestamp="2013-06-05T01:02:10">
  <properties />
  <testcase classname="com.grailsinaction.UserTests" name="testSomething" time="0.125">
    <failure message="junit.framework.AssertionFailedError: Implement me" type="junit.framework.AssertionFailedError">junit.framework.AssertionFailedError: junit.framework.AssertionFailedError: Implement me
	at com.grailsinaction.UserTests.testSomething(UserTests.groovy:15)
</failure>
  </testcase>
  <system-out><![CDATA[--Output from testSomething--
]]></system-out>
  <system-err><![CDATA[--Output from testSomething--
]]></system-err>
</testsuite>
