<?xml version="1.0" encoding="UTF-8" ?>
<testsuite errors="0" failures="0" hostname="gouthami-PC" name="com.grailsinaction.PostIntegrationTests" tests="3" time="0.231" timestamp="2013-06-05T01:02:14">
  <properties />
  <testcase classname="com.grailsinaction.PostIntegrationTests" name="testSomething" time="0.074" />
  <testcase classname="com.grailsinaction.PostIntegrationTests" name="testPostWithTags" time="0.057" />
  <testcase classname="com.grailsinaction.PostIntegrationTests" name="testAccessingPosts" time="0.061" />
  <system-out><![CDATA[--Output from testSomething--
--Output from testPostWithTags--
--Output from testAccessingPosts--
]]></system-out>
  <system-err><![CDATA[--Output from testSomething--
--Output from testPostWithTags--
--Output from testAccessingPosts--
]]></system-err>
</testsuite>
